<?xml version="1.0" encoding="UTF-8"?>
<testsuite xmlns:xsi="http://www.w3.org/2001/XMLSchema-instance" xsi:noNamespaceSchemaLocation="https://maven.apache.org/surefire/maven-surefire-plugin/xsd/surefire-test-report-3.0.xsd" version="3.0" name="com.github.rrickson.kotlinpocs.ApplicationTest" time="0.986" tests="1" errors="0" skipped="0" failures="0">
  <properties>
[...]
</properties>
  <testcase name="testRoot" classname="com.github.rrickson.kotlinpocs.ApplicationTest" time="0.917">
    <system-out><![CDATA[2024-01-10 01:18:47.112 [main @coroutine#1] TRACE i.ktor.client.plugins.HttpPlainText - Adding Accept-Charset=UTF-8 to http:///
2024-01-10 01:18:47.184 [DefaultDispatcher-worker-1 @call-context#2] INFO  ktor.test - No ktor.deployment.watch patterns specified, automatic reload is not active.
2024-01-10 01:18:47.210 [DefaultDispatcher-worker-1 @call-context#2] INFO  ktor.test - Application started in 0.036 seconds.
2024-01-10 01:18:47.212 [DefaultDispatcher-worker-3 @coroutine#4] INFO  ktor.test - Responding at http://localhost:80
2024-01-10 01:18:47.212 [DefaultDispatcher-worker-3 @coroutine#4] INFO  ktor.test - Responding at https://localhost:443
2024-01-10 01:18:47.245 [DefaultDispatcher-worker-1 @request#2] TRACE io.ktor.routing.Routing - Trace for []
/, segment:0 -> SUCCESS @ /
  /, segment:0 -> SUCCESS @ /
    /(method:GET), segment:0 -> SUCCESS @ /(method:GET)
Matched routes:
  "" -> "<slash>" -> "(method:GET)"
Route resolve result:
  SUCCESS @ /(method:GET)
2024-01-10 01:18:47.281 [main @coroutine#1] TRACE i.k.client.plugins.HttpCallValidator - Validating response for request http://localhost/
2024-01-10 01:18:47.281 [main @coroutine#1] TRACE i.k.c.p.DefaultResponseValidation - Skipping default response validation for http://localhost/
2024-01-10 01:18:47.599 [main @coroutine#1] TRACE i.k.c.plugins.defaultTransformers - Transformed with default transformers response body for http://localhost/ to class io.ktor.utils.io.core.ByteReadPacket
]]></system-out>
  </testcase>
</testsuite>